

*******************************************************************************
Fri Sep 26 00:00:34 2025


FIT:    data read from "e3.dades" using 1:4
        format = x:z
        #datapoints = 27
        residuals are weighted equally (unit weight)

function used for fitting: Cfit(x)
	Cfit(x)=a*x**2+b*x
fitted parameters initialized with current variable values

iter      chisq       delta/lim  lambda   a             b            
   0 3.1960639958e+11   0.00e+00  2.41e+02    1.000000e+00   1.000000e+00
   4 5.5538453686e+10  -7.47e-02  2.41e-02    2.313327e+02   1.302093e+03

After 4 iterations the fit converged.
final sum of squares of residuals : 5.55385e+10
rel. change during last iteration : -7.47332e-07

degrees of freedom    (FIT_NDF)                        : 25
rms of residuals      (FIT_STDFIT) = sqrt(WSSR/ndf)    : 47133.2
variance of residuals (reduced chisquare) = WSSR/ndf   : 2.22154e+09

Final set of parameters            Asymptotic Standard Error
=======================            ==========================
a               = 231.333          +/- 106.4        (46.02%)
b               = 1302.09          +/- 2267         (174.1%)

correlation matrix of the fit parameters:
                a      b      
a               1.000 
b              -0.968  1.000 


*******************************************************************************
Fri Sep 26 00:05:26 2025


FIT:    data read from "e3.dades" using 1:(100*$4/($2+$3+$4))
        format = x:z
        #datapoints = 27
        residuals are weighted equally (unit weight)

function used for fitting: Cfit(x)
	Cfit(x)=a*x**2+b*x
fitted parameters initialized with current variable values

iter      chisq       delta/lim  lambda   a             b            
   0 2.6577891787e+11   0.00e+00  5.77e+04    2.313327e+02   1.302093e+03
   5 2.5305137797e+03  -1.44e-10  5.77e-01    1.046340e-01   5.421109e-02

After 5 iterations the fit converged.
final sum of squares of residuals : 2530.51
rel. change during last iteration : -1.43764e-15

degrees of freedom    (FIT_NDF)                        : 25
rms of residuals      (FIT_STDFIT) = sqrt(WSSR/ndf)    : 10.0608
variance of residuals (reduced chisquare) = WSSR/ndf   : 101.221

Final set of parameters            Asymptotic Standard Error
=======================            ==========================
a               = 0.104634         +/- 0.02272      (21.72%)
b               = 0.0542111        +/- 0.4838       (892.5%)

correlation matrix of the fit parameters:
                a      b      
a               1.000 
b              -0.968  1.000 


*******************************************************************************
Fri Sep 26 00:13:12 2025


FIT:    data read from "e3.dades" using 1:(100*$4/($2+$3+$4))
        format = x:z
        #datapoints = 27
        residuals are weighted equally (unit weight)

function used for fitting: Cfit(x)
	Cfit(x)=a*x**2+b*x
fitted parameters initialized with current variable values

iter      chisq       delta/lim  lambda   a             b            
   0 2.7696546562e+06   0.00e+00  2.41e+02    1.000000e+00   1.000000e+00
   4 2.5305137797e+03  -8.07e-01  2.41e-02    1.046340e-01   5.421201e-02

After 4 iterations the fit converged.
final sum of squares of residuals : 2530.51
rel. change during last iteration : -8.06611e-06

degrees of freedom    (FIT_NDF)                        : 25
rms of residuals      (FIT_STDFIT) = sqrt(WSSR/ndf)    : 10.0608
variance of residuals (reduced chisquare) = WSSR/ndf   : 101.221

Final set of parameters            Asymptotic Standard Error
=======================            ==========================
a               = 0.104634         +/- 0.02272      (21.72%)
b               = 0.054212         +/- 0.4838       (892.5%)

correlation matrix of the fit parameters:
                a      b      
a               1.000 
b              -0.968  1.000 


*******************************************************************************
Fri Sep 26 21:22:02 2025


FIT:    data read from "e3.dades" using 1:(100*$4/($2+$3+$4))
        format = x:z
        x range restricted to [0.00000 : 28.0000]
        #datapoints = 27
        residuals are weighted equally (unit weight)

function used for fitting: Cfit(x)
	Cfit(x)=a*x**2+b*x
fitted parameters initialized with current variable values

iter      chisq       delta/lim  lambda   a             b            
   0 2.5305137797e+03   0.00e+00  2.52e+01    1.046340e-01   5.421201e-02
   1 2.5305137797e+03  -8.99e-11  2.52e+00    1.046340e-01   5.421201e-02

After 1 iterations the fit converged.
final sum of squares of residuals : 2530.51
rel. change during last iteration : -8.98528e-16

degrees of freedom    (FIT_NDF)                        : 25
rms of residuals      (FIT_STDFIT) = sqrt(WSSR/ndf)    : 10.0608
variance of residuals (reduced chisquare) = WSSR/ndf   : 101.221

Final set of parameters            Asymptotic Standard Error
=======================            ==========================
a               = 0.104634         +/- 0.02272      (21.72%)
b               = 0.054212         +/- 0.4838       (892.5%)

correlation matrix of the fit parameters:
                a      b      
a               1.000 
b              -0.968  1.000 


*******************************************************************************
Fri Sep 26 21:52:30 2025


FIT:    data read from "e4.dades" using 1:2
        format = x:z
        x range restricted to [0.00000 : 20.0000]
        #datapoints = 21
        residuals are weighted equally (unit weight)

function used for fitting: fn1(x)
	fn1(x)=a*x+b
fitted parameters initialized with current variable values

iter      chisq       delta/lim  lambda   a             b            
   0 4.5239894828e+04   0.00e+00  8.66e-01    1.046340e-01   5.421201e-02
   5 9.5744588745e+00  -6.19e-07  8.66e-06   -4.662338e-01   5.204329e+01

After 5 iterations the fit converged.
final sum of squares of residuals : 9.57446
rel. change during last iteration : -6.18727e-12

degrees of freedom    (FIT_NDF)                        : 19
rms of residuals      (FIT_STDFIT) = sqrt(WSSR/ndf)    : 0.709872
variance of residuals (reduced chisquare) = WSSR/ndf   : 0.503919

Final set of parameters            Asymptotic Standard Error
=======================            ==========================
a               = -0.466234        +/- 0.02558      (5.487%)
b               = 52.0433          +/- 0.2991       (0.5746%)

correlation matrix of the fit parameters:
                a      b      
a               1.000 
b              -0.855  1.000 


*******************************************************************************
Fri Sep 26 21:52:30 2025


FIT:    data read from "e4.dades" using 1:2
        format = x:z
        x range restricted to [60.0000 : 120.000]
        #datapoints = 61
        residuals are weighted equally (unit weight)

function used for fitting: fn2(x)
	fn2(x)=a*x+b
fitted parameters initialized with current variable values

iter      chisq       delta/lim  lambda   a             b            
   0 7.4633059225e+04   0.00e+00  4.76e+01   -4.662338e-01   5.204329e+01
   4 1.3057768377e+02  -8.65e-08  4.76e-03   -1.191962e-01   5.521946e+01

After 4 iterations the fit converged.
final sum of squares of residuals : 130.578
rel. change during last iteration : -8.64986e-13

degrees of freedom    (FIT_NDF)                        : 59
rms of residuals      (FIT_STDFIT) = sqrt(WSSR/ndf)    : 1.48768
variance of residuals (reduced chisquare) = WSSR/ndf   : 2.21318

Final set of parameters            Asymptotic Standard Error
=======================            ==========================
a               = -0.119196        +/- 0.01082      (9.076%)
b               = 55.2195          +/- 0.9921       (1.797%)

correlation matrix of the fit parameters:
                a      b      
a               1.000 
b              -0.981  1.000 


*******************************************************************************
Fri Sep 26 22:29:09 2025


FIT:    data read from "e4.dades" using 1:2
        format = x:z
        x range restricted to [0.00000 : 20.0000]
        #datapoints = 21
        residuals are weighted equally (unit weight)

function used for fitting: fn1(x)
	fn1(x)=a1*x+b2
fitted parameters initialized with current variable values



*******************************************************************************
Fri Sep 26 22:29:57 2025


FIT:    data read from "e4.dades" using 1:2
        format = x:z
        x range restricted to [0.00000 : 20.0000]
        #datapoints = 21
        residuals are weighted equally (unit weight)

function used for fitting: fn1(x)
	fn1(x)=a1*x+b1
fitted parameters initialized with current variable values

iter      chisq       delta/lim  lambda   a1            b1           
   0 2.9460000000e+04   0.00e+00  8.30e+00    1.000000e+00   1.000000e+00
   5 9.5744588745e+00  -2.41e-10  8.30e-05   -4.662338e-01   5.204329e+01

After 5 iterations the fit converged.
final sum of squares of residuals : 9.57446
rel. change during last iteration : -2.4119e-15

degrees of freedom    (FIT_NDF)                        : 19
rms of residuals      (FIT_STDFIT) = sqrt(WSSR/ndf)    : 0.709872
variance of residuals (reduced chisquare) = WSSR/ndf   : 0.503919

Final set of parameters            Asymptotic Standard Error
=======================            ==========================
a1              = -0.466234        +/- 0.02558      (5.487%)
b1              = 52.0433          +/- 0.2991       (0.5746%)

correlation matrix of the fit parameters:
                a1     b1     
a1              1.000 
b1             -0.855  1.000 


*******************************************************************************
Fri Sep 26 22:30:01 2025


FIT:    data read from "e4.dades" using 1:2
        format = x:z
        x range restricted to [60.0000 : 120.000]
        #datapoints = 61
        residuals are weighted equally (unit weight)

function used for fitting: fn2(x)
	fn2(x)=a1*x+b1
fitted parameters initialized with current variable values

iter      chisq       delta/lim  lambda   a1            b1           
   0 7.4633059225e+04   0.00e+00  4.76e+01   -4.662338e-01   5.204329e+01
   4 1.3057768377e+02  -8.66e-08  4.76e-03   -1.191962e-01   5.521946e+01

After 4 iterations the fit converged.
final sum of squares of residuals : 130.578
rel. change during last iteration : -8.65857e-13

degrees of freedom    (FIT_NDF)                        : 59
rms of residuals      (FIT_STDFIT) = sqrt(WSSR/ndf)    : 1.48768
variance of residuals (reduced chisquare) = WSSR/ndf   : 2.21318

Final set of parameters            Asymptotic Standard Error
=======================            ==========================
a1              = -0.119196        +/- 0.01082      (9.076%)
b1              = 55.2195          +/- 0.9921       (1.797%)

correlation matrix of the fit parameters:
                a1     b1     
a1              1.000 
b1             -0.981  1.000 


*******************************************************************************
Fri Sep 26 22:33:49 2025


FIT:    data read from "e4.dades" using 1:($3-$2)
        format = x:z
        x range restricted to [0.00000 : 20.0000]
        #datapoints = 21
        residuals are weighted equally (unit weight)

function used for fitting: fn1(x)
	fn1(x)=a*x+b
fitted parameters initialized with current variable values

iter      chisq       delta/lim  lambda   a             b            
   0 4.6136157949e+04   0.00e+00  3.91e+01   -1.191962e-01   5.521946e+01
   5 1.8619913420e+01  -4.67e-06  3.91e-04    8.363636e-01  -8.398268e-01

After 5 iterations the fit converged.
final sum of squares of residuals : 18.6199
rel. change during last iteration : -4.67386e-11

degrees of freedom    (FIT_NDF)                        : 19
rms of residuals      (FIT_STDFIT) = sqrt(WSSR/ndf)    : 0.989947
variance of residuals (reduced chisquare) = WSSR/ndf   : 0.979995

Final set of parameters            Asymptotic Standard Error
=======================            ==========================
a               = 0.836364         +/- 0.03568      (4.266%)
b               = -0.839827        +/- 0.4171       (49.66%)

correlation matrix of the fit parameters:
                a      b      
a               1.000 
b              -0.855  1.000 


*******************************************************************************
Fri Sep 26 22:34:10 2025


FIT:    data read from "e4.dades" using 1:($3-$2)
        format = x:z
        x range restricted to [60.0000 : 120.000]
        #datapoints = 61
        residuals are weighted equally (unit weight)

function used for fitting: fn2(x)
	fn2(x)=a*x+b
fitted parameters initialized with current variable values

iter      chisq       delta/lim  lambda   a             b            
   0 1.8612836553e+05   0.00e+00  5.42e+01    8.363636e-01  -8.398268e-01
   5 1.6512406134e+02  -6.41e-03  5.42e-04    1.500793e-01   7.050238e+00

After 5 iterations the fit converged.
final sum of squares of residuals : 165.124
rel. change during last iteration : -6.41209e-08

degrees of freedom    (FIT_NDF)                        : 59
rms of residuals      (FIT_STDFIT) = sqrt(WSSR/ndf)    : 1.67294
variance of residuals (reduced chisquare) = WSSR/ndf   : 2.79871

Final set of parameters            Asymptotic Standard Error
=======================            ==========================
a               = 0.150079         +/- 0.01217      (8.106%)
b               = 7.05024          +/- 1.116        (15.82%)

correlation matrix of the fit parameters:
                a      b      
a               1.000 
b              -0.981  1.000 


*******************************************************************************
Fri Sep 26 22:34:56 2025


FIT:    data read from "e4.dades" using 1:($3-$2)
        format = x:z
        x range restricted to [0.00000 : 20.0000]
        #datapoints = 21
        residuals are weighted equally (unit weight)

function used for fitting: fn1(x)
	fn1(x)=a1*x+b1
fitted parameters initialized with current variable values

iter      chisq       delta/lim  lambda   a1            b1           
   0 4.6136157949e+04   0.00e+00  3.91e+01   -1.191962e-01   5.521946e+01
   5 1.8619913420e+01  -4.67e-06  3.91e-04    8.363636e-01  -8.398268e-01

After 5 iterations the fit converged.
final sum of squares of residuals : 18.6199
rel. change during last iteration : -4.67388e-11

degrees of freedom    (FIT_NDF)                        : 19
rms of residuals      (FIT_STDFIT) = sqrt(WSSR/ndf)    : 0.989947
variance of residuals (reduced chisquare) = WSSR/ndf   : 0.979995

Final set of parameters            Asymptotic Standard Error
=======================            ==========================
a1              = 0.836364         +/- 0.03568      (4.266%)
b1              = -0.839827        +/- 0.4171       (49.66%)

correlation matrix of the fit parameters:
                a1     b1     
a1              1.000 
b1             -0.855  1.000 


*******************************************************************************
Fri Sep 26 22:35:03 2025


FIT:    data read from "e4.dades" using 1:($3-$2)
        format = x:z
        x range restricted to [60.0000 : 120.000]
        #datapoints = 61
        residuals are weighted equally (unit weight)

function used for fitting: fn2(x)
	fn2(x)=a2*x+b2
fitted parameters initialized with current variable values

iter      chisq       delta/lim  lambda   a2            b2           
   0 3.1651700000e+05   0.00e+00  6.48e+01    1.000000e+00   1.000000e+00
   5 1.6512406134e+02  -3.89e-03  6.48e-04    1.500793e-01   7.050238e+00

After 5 iterations the fit converged.
final sum of squares of residuals : 165.124
rel. change during last iteration : -3.89455e-08

degrees of freedom    (FIT_NDF)                        : 59
rms of residuals      (FIT_STDFIT) = sqrt(WSSR/ndf)    : 1.67294
variance of residuals (reduced chisquare) = WSSR/ndf   : 2.79871

Final set of parameters            Asymptotic Standard Error
=======================            ==========================
a2              = 0.150079         +/- 0.01217      (8.106%)
b2              = 7.05024          +/- 1.116        (15.82%)

correlation matrix of the fit parameters:
                a2     b2     
a2              1.000 
b2             -0.981  1.000 


*******************************************************************************
Fri Sep 26 22:42:18 2025


FIT:    data read from "e4.dades" using 1:(($3-$2)*0.75)
        format = x:z
        x range restricted to [0.00000 : 20.0000]
        #datapoints = 21
        residuals are weighted equally (unit weight)

function used for fitting: fn1(x)
	fn1(x)=a1*x+b1
fitted parameters initialized with current variable values

iter      chisq       delta/lim  lambda   a1            b1           
   0 1.1843495671e+02   0.00e+00  6.94e+00    8.363636e-01  -8.398268e-01
   4 1.0473701299e+01  -4.03e-05  6.94e-04    6.272727e-01  -6.298701e-01

After 4 iterations the fit converged.
final sum of squares of residuals : 10.4737
rel. change during last iteration : -4.03244e-10

degrees of freedom    (FIT_NDF)                        : 19
rms of residuals      (FIT_STDFIT) = sqrt(WSSR/ndf)    : 0.74246
variance of residuals (reduced chisquare) = WSSR/ndf   : 0.551247

Final set of parameters            Asymptotic Standard Error
=======================            ==========================
a1              = 0.627273         +/- 0.02676      (4.266%)
b1              = -0.62987         +/- 0.3128       (49.66%)

correlation matrix of the fit parameters:
                a1     b1     
a1              1.000 
b1             -0.855  1.000 


*******************************************************************************
Fri Sep 26 22:42:19 2025


FIT:    data read from "e4.dades" using 1:(($3-$2)*0.75)
        format = x:z
        x range restricted to [60.0000 : 120.000]
        #datapoints = 61
        residuals are weighted equally (unit weight)

function used for fitting: fn2(x)
	fn2(x)=a2*x+b2
fitted parameters initialized with current variable values

iter      chisq       delta/lim  lambda   a2            b2           
   0 1.7306870304e+03   0.00e+00  1.09e+01    1.500793e-01   7.050238e+00
   3 9.2882284506e+01  -6.69e-02  1.09e-02    1.125595e-01   5.287679e+00

After 3 iterations the fit converged.
final sum of squares of residuals : 92.8823
rel. change during last iteration : -6.68881e-07

degrees of freedom    (FIT_NDF)                        : 59
rms of residuals      (FIT_STDFIT) = sqrt(WSSR/ndf)    : 1.2547
variance of residuals (reduced chisquare) = WSSR/ndf   : 1.57428

Final set of parameters            Asymptotic Standard Error
=======================            ==========================
a2              = 0.112559         +/- 0.009124     (8.106%)
b2              = 5.28768          +/- 0.8367       (15.82%)

correlation matrix of the fit parameters:
                a2     b2     
a2              1.000 
b2             -0.981  1.000 


*******************************************************************************
Fri Sep 26 22:43:38 2025


FIT:    data read from "e4.dades" using 1:(($3-$2)*0.72)
        format = x:z
        x range restricted to [0.00000 : 20.0000]
        #datapoints = 21
        residuals are weighted equally (unit weight)

function used for fitting: fn1(x)
	fn1(x)=a1*x+b1
fitted parameters initialized with current variable values

iter      chisq       delta/lim  lambda   a1            b1           
   0 1.1207205195e+01   0.00e+00  5.20e+00    6.272727e-01  -6.298701e-01
   3 9.6525631169e+00  -4.26e-01  5.20e-03    6.021821e-01  -6.046786e-01

After 3 iterations the fit converged.
final sum of squares of residuals : 9.65256
rel. change during last iteration : -4.25544e-06

degrees of freedom    (FIT_NDF)                        : 19
rms of residuals      (FIT_STDFIT) = sqrt(WSSR/ndf)    : 0.712762
variance of residuals (reduced chisquare) = WSSR/ndf   : 0.50803

Final set of parameters            Asymptotic Standard Error
=======================            ==========================
a1              = 0.602182         +/- 0.02569      (4.266%)
b1              = -0.604679        +/- 0.3003       (49.66%)

correlation matrix of the fit parameters:
                a1     b1     
a1              1.000 
b1             -0.855  1.000 


*******************************************************************************
Fri Sep 26 22:43:38 2025


FIT:    data read from "e4.dades" using 1:(($3-$2)*0.72)
        format = x:z
        x range restricted to [60.0000 : 120.000]
        #datapoints = 61
        residuals are weighted equally (unit weight)

function used for fitting: fn2(x)
	fn2(x)=a2*x+b2
fitted parameters initialized with current variable values

iter      chisq       delta/lim  lambda   a2            b2           
   0 1.0918470201e+02   0.00e+00  8.20e+00    1.125595e-01   5.287679e+00
   3 8.5600313400e+01  -1.05e-03  8.20e-03    1.080571e-01   5.076171e+00

After 3 iterations the fit converged.
final sum of squares of residuals : 85.6003
rel. change during last iteration : -1.04514e-08

degrees of freedom    (FIT_NDF)                        : 59
rms of residuals      (FIT_STDFIT) = sqrt(WSSR/ndf)    : 1.20451
variance of residuals (reduced chisquare) = WSSR/ndf   : 1.45085

Final set of parameters            Asymptotic Standard Error
=======================            ==========================
a2              = 0.108057         +/- 0.008759     (8.106%)
b2              = 5.07617          +/- 0.8033       (15.82%)

correlation matrix of the fit parameters:
                a2     b2     
a2              1.000 
b2             -0.981  1.000 


*******************************************************************************
Fri Sep 26 23:02:49 2025


FIT:    data read from "e3.dades" using 1:(100*$4/($2+$3+$4))
        format = x:z
        x range restricted to [0.00000 : 28.0000]
        #datapoints = 27
        residuals are weighted equally (unit weight)

function used for fitting: Cfit(x)
	Cfit(x)=a*x**2+b*x
fitted parameters initialized with current variable values

iter      chisq       delta/lim  lambda   a             b            
   0 4.3906047091e+05   0.00e+00  8.77e+01    1.500793e-01   7.050238e+00
   3 2.5305137797e+03  -4.37e-01  8.77e-02    1.046340e-01   5.421211e-02

After 3 iterations the fit converged.
final sum of squares of residuals : 2530.51
rel. change during last iteration : -4.36961e-06

degrees of freedom    (FIT_NDF)                        : 25
rms of residuals      (FIT_STDFIT) = sqrt(WSSR/ndf)    : 10.0608
variance of residuals (reduced chisquare) = WSSR/ndf   : 101.221

Final set of parameters            Asymptotic Standard Error
=======================            ==========================
a               = 0.104634         +/- 0.02272      (21.72%)
b               = 0.0542121        +/- 0.4838       (892.5%)

correlation matrix of the fit parameters:
                a      b      
a               1.000 
b              -0.968  1.000 
